[INFO] Scanning for projects...
[INFO] 
[INFO] ---------------< com.tp:manufacturing-execution-system >----------------
[INFO] Building tp_manufacturing_execution_system 0.1.0-SNAPSHOT
[INFO]   from pom.xml
[INFO] --------------------------------[ war ]---------------------------------
[INFO] 
[INFO] --- resources:3.3.1:resources (default-resources) @ manufacturing-execution-system ---
[INFO] Copying 26 resources from src\main\resources to target\classes
[INFO] 
[INFO] --- compiler:3.13.0:compile (default-compile) @ manufacturing-execution-system ---
[INFO] Recompiling the module because of changed source code.
[INFO] Compiling 145 source files with javac [debug target 17] to target\classes
[INFO] -------------------------------------------------------------
[WARNING] COMPILATION WARNING : 
[INFO] -------------------------------------------------------------
[WARNING] system modules path not set in conjunction with -source 17
[INFO] 1 warning
[INFO] -------------------------------------------------------------
[INFO] -------------------------------------------------------------
[ERROR] COMPILATION ERROR : 
[INFO] -------------------------------------------------------------
[ERROR] /C:/Users/junse/antigravity_project/manufacturing-system/src/main/java/com/tp/mes/app/prod/dto/ProductionStatusDTO.java:[50,30] ';' expected
[ERROR] /C:/Users/junse/antigravity_project/manufacturing-system/src/main/java/com/tp/mes/app/prod/dto/ProductionStatusDTO.java:[52,5] invalid method declaration; return type required
[INFO] 2 errors 
[INFO] -------------------------------------------------------------
[INFO] ------------------------------------------------------------------------
[INFO] BUILD FAILURE
[INFO] ------------------------------------------------------------------------
[INFO] Total time:  1.015 s
[INFO] Finished at: 2026-01-29T20:14:45+09:00
[INFO] ------------------------------------------------------------------------
[ERROR] Failed to execute goal org.apache.maven.plugins:maven-compiler-plugin:3.13.0:compile (default-compile) on project manufacturing-execution-system: Compilation failure: Compilation failure: 
[ERROR] /C:/Users/junse/antigravity_project/manufacturing-system/src/main/java/com/tp/mes/app/prod/dto/ProductionStatusDTO.java:[50,30] ';' expected
[ERROR] /C:/Users/junse/antigravity_project/manufacturing-system/src/main/java/com/tp/mes/app/prod/dto/ProductionStatusDTO.java:[52,5] invalid method declaration; return type required
[ERROR] -> [Help 1]
[ERROR] 
[ERROR] To see the full stack trace of the errors, re-run Maven with the -e switch.
[ERROR] Re-run Maven using the -X switch to enable full debug logging.
[ERROR] 
[ERROR] For more information about the errors and possible solutions, please read the following articles:
[ERROR] [Help 1] http://cwiki.apache.org/confluence/display/MAVEN/MojoFailureException
